# JRE version: Java(TM) SE Runtime Environment (7.0_80-b15) (build 1.7.0_80-b15)
# Java VM: Java HotSpot(TM) 64-Bit Server VM (24.80-b11 mixed mode linux-amd64 compressed oops)
Heap
 PSYoungGen      total 216576K, used 14048K [0x00000000eaa80000, 0x00000000f9c80000, 0x0000000100000000)
  eden space 192000K, 0% used [0x00000000eaa80000,0x00000000eaa80000,0x00000000f6600000)
  from space 24576K, 57% used [0x00000000f6600000,0x00000000f73b82e0,0x00000000f7e00000)
  to   space 17920K, 0% used [0x00000000f7e00000,0x00000000f7e00000,0x00000000f8f80000)
 ParOldGen       total 57344K, used 27022K [0x00000000c0000000, 0x00000000c3800000, 0x00000000eaa80000)
  object space 57344K, 47% used [0x00000000c0000000,0x00000000c1a639d0,0x00000000c3800000)
 PSPermGen       total 21504K, used 7021K [0x00000000bae00000, 0x00000000bc300000, 0x00000000c0000000)
  object space 21504K, 32% used [0x00000000bae00000,0x00000000bb4db4c0,0x00000000bc300000)
GC Heap History (10 events):
Event: 6.016 GC heap after
Heap after GC invocations=7 (full 0):
 PSYoungGen      total 74240K, used 12031K [0x00000000eaa80000, 0x00000000f3e80000, 0x0000000100000000)
  eden space 61952K, 0% used [0x00000000eaa80000,0x00000000eaa80000,0x00000000ee700000)
  from space 12288K, 97% used [0x00000000ee700000,0x00000000ef2bfc00,0x00000000ef300000)
  to   space 13824K, 0% used [0x00000000f3100000,0x00000000f3100000,0x00000000f3e80000)
 ParOldGen       total 40960K, used 23608K [0x00000000c0000000, 0x00000000c2800000, 0x00000000eaa80000)
  object space 40960K, 57% used [0x00000000c0000000,0x00000000c170e0d8,0x00000000c2800000)
 PSPermGen       total 21504K, used 6992K [0x00000000bae00000, 0x00000000bc300000, 0x00000000c0000000)
  object space 21504K, 32% used [0x00000000bae00000,0x00000000bb4d4238,0x00000000bc300000)
}
Event: 6.406 GC heap before
{Heap before GC invocations=8 (full 0):
 PSYoungGen      total 74240K, used 73983K [0x00000000eaa80000, 0x00000000f3e80000, 0x0000000100000000)
  eden space 61952K, 100% used [0x00000000eaa80000,0x00000000ee700000,0x00000000ee700000)
  from space 12288K, 97% used [0x00000000ee700000,0x00000000ef2bfc00,0x00000000ef300000)
  to   space 13824K, 0% used [0x00000000f3100000,0x00000000f3100000,0x00000000f3e80000)
 ParOldGen       total 40960K, used 23608K [0x00000000c0000000, 0x00000000c2800000, 0x00000000eaa80000)
  object space 40960K, 57% used [0x00000000c0000000,0x00000000c170e0d8,0x00000000c2800000)
 PSPermGen       total 21504K, used 7007K [0x00000000bae00000, 0x00000000bc300000, 0x00000000c0000000)
  object space 21504K, 32% used [0x00000000bae00000,0x00000000bb4d7ef0,0x00000000bc300000)
Event: 6.439 GC heap after
Heap after GC invocations=8 (full 0):
 PSYoungGen      total 136704K, used 5899K [0x00000000eaa80000, 0x00000000f3d80000, 0x0000000100000000)
  eden space 123904K, 0% used [0x00000000eaa80000,0x00000000eaa80000,0x00000000f2380000)
  from space 12800K, 46% used [0x00000000f3100000,0x00000000f36c2e88,0x00000000f3d80000)
  to   space 13312K, 0% used [0x00000000f2380000,0x00000000f2380000,0x00000000f3080000)
 ParOldGen       total 40960K, used 23977K [0x00000000c0000000, 0x00000000c2800000, 0x00000000eaa80000)
  object space 40960K, 58% used [0x00000000c0000000,0x00000000c176a5c8,0x00000000c2800000)
 PSPermGen       total 21504K, used 7007K [0x00000000bae00000, 0x00000000bc300000, 0x00000000c0000000)
  object space 21504K, 32% used [0x00000000bae00000,0x00000000bb4d7ef0,0x00000000bc300000)
}
Event: 7.087 GC heap before
{Heap before GC invocations=9 (full 0):
 PSYoungGen      total 136704K, used 129803K [0x00000000eaa80000, 0x00000000f3d80000, 0x0000000100000000)
  eden space 123904K, 100% used [0x00000000eaa80000,0x00000000f2380000,0x00000000f2380000)
  from space 12800K, 46% used [0x00000000f3100000,0x00000000f36c2e88,0x00000000f3d80000)
  to   space 13312K, 0% used [0x00000000f2380000,0x00000000f2380000,0x00000000f3080000)
 ParOldGen       total 40960K, used 23977K [0x00000000c0000000, 0x00000000c2800000, 0x00000000eaa80000)
  object space 40960K, 58% used [0x00000000c0000000,0x00000000c176a5c8,0x00000000c2800000)
 PSPermGen       total 21504K, used 7014K [0x00000000bae00000, 0x00000000bc300000, 0x00000000c0000000)
  object space 21504K, 32% used [0x00000000bae00000,0x00000000bb4d9920,0x00000000bc300000)
Event: 7.109 GC heap after
Heap after GC invocations=9 (full 0):
 PSYoungGen      total 137216K, used 13305K [0x00000000eaa80000, 0x00000000f8f80000, 0x0000000100000000)
  eden space 123904K, 0% used [0x00000000eaa80000,0x00000000eaa80000,0x00000000f2380000)
  from space 13312K, 99% used [0x00000000f2380000,0x00000000f307e5b8,0x00000000f3080000)
  to   space 17920K, 0% used [0x00000000f7e00000,0x00000000f7e00000,0x00000000f8f80000)
 ParOldGen       total 40960K, used 30983K [0x00000000c0000000, 0x00000000c2800000, 0x00000000eaa80000)
  object space 40960K, 75% used [0x00000000c0000000,0x00000000c1e41e48,0x00000000c2800000)
 PSPermGen       total 21504K, used 7014K [0x00000000bae00000, 0x00000000bc300000, 0x00000000c0000000)
  object space 21504K, 32% used [0x00000000bae00000,0x00000000bb4d9920,0x00000000bc300000)
}
Event: 7.564 GC heap before
{Heap before GC invocations=10 (full 0):
 PSYoungGen      total 137216K, used 137209K [0x00000000eaa80000, 0x00000000f8f80000, 0x0000000100000000)
  eden space 123904K, 100% used [0x00000000eaa80000,0x00000000f2380000,0x00000000f2380000)
  from space 13312K, 99% used [0x00000000f2380000,0x00000000f307e5b8,0x00000000f3080000)
  to   space 17920K, 0% used [0x00000000f7e00000,0x00000000f7e00000,0x00000000f8f80000)
 ParOldGen       total 40960K, used 30983K [0x00000000c0000000, 0x00000000c2800000, 0x00000000eaa80000)
  object space 40960K, 75% used [0x00000000c0000000,0x00000000c1e41e48,0x00000000c2800000)
 PSPermGen       total 21504K, used 7018K [0x00000000bae00000, 0x00000000bc300000, 0x00000000c0000000)
  object space 21504K, 32% used [0x00000000bae00000,0x00000000bb4daaf0,0x00000000bc300000)
Event: 7.619 GC heap after
Heap after GC invocations=10 (full 0):
 PSYoungGen      total 209920K, used 17899K [0x00000000eaa80000, 0x00000000f9c80000, 0x0000000100000000)
  eden space 192000K, 0% used [0x00000000eaa80000,0x00000000eaa80000,0x00000000f6600000)
  from space 17920K, 99% used [0x00000000f7e00000,0x00000000f8f7afb0,0x00000000f8f80000)
  to   space 24576K, 0% used [0x00000000f6600000,0x00000000f6600000,0x00000000f7e00000)
 ParOldGen       total 42496K, used 42037K [0x00000000c0000000, 0x00000000c2980000, 0x00000000eaa80000)
  object space 42496K, 98% used [0x00000000c0000000,0x00000000c290d4b8,0x00000000c2980000)
 PSPermGen       total 21504K, used 7018K [0x00000000bae00000, 0x00000000bc300000, 0x00000000c0000000)
  object space 21504K, 32% used [0x00000000bae00000,0x00000000bb4daaf0,0x00000000bc300000)
}
Event: 7.620 GC heap before
{Heap before GC invocations=11 (full 1):
 PSYoungGen      total 209920K, used 17899K [0x00000000eaa80000, 0x00000000f9c80000, 0x0000000100000000)
  eden space 192000K, 0% used [0x00000000eaa80000,0x00000000eaa80000,0x00000000f6600000)
  from space 17920K, 99% used [0x00000000f7e00000,0x00000000f8f7afb0,0x00000000f8f80000)
  to   space 24576K, 0% used [0x00000000f6600000,0x00000000f6600000,0x00000000f7e00000)
 ParOldGen       total 42496K, used 42037K [0x00000000c0000000, 0x00000000c2980000, 0x00000000eaa80000)
  object space 42496K, 98% used [0x00000000c0000000,0x00000000c290d4b8,0x00000000c2980000)
 PSPermGen       total 21504K, used 7018K [0x00000000bae00000, 0x00000000bc300000, 0x00000000c0000000)
  object space 21504K, 32% used [0x00000000bae00000,0x00000000bb4daaf0,0x00000000bc300000)
Event: 7.759 GC heap after
Heap after GC invocations=11 (full 1):
 PSYoungGen      total 209920K, used 0K [0x00000000eaa80000, 0x00000000f9c80000, 0x0000000100000000)
  eden space 192000K, 0% used [0x00000000eaa80000,0x00000000eaa80000,0x00000000f6600000)
  from space 17920K, 0% used [0x00000000f7e00000,0x00000000f7e00000,0x00000000f8f80000)
  to   space 24576K, 0% used [0x00000000f6600000,0x00000000f6600000,0x00000000f7e00000)
 ParOldGen       total 57344K, used 27022K [0x00000000c0000000, 0x00000000c3800000, 0x00000000eaa80000)
  object space 57344K, 47% used [0x00000000c0000000,0x00000000c1a639d0,0x00000000c3800000)
 PSPermGen       total 21504K, used 7015K [0x00000000bae00000, 0x00000000bc300000, 0x00000000c0000000)
  object space 21504K, 32% used [0x00000000bae00000,0x00000000bb4d9f38,0x00000000bc300000)
}
Event: 8.416 GC heap before
{Heap before GC invocations=12 (full 1):
 PSYoungGen      total 209920K, used 192000K [0x00000000eaa80000, 0x00000000f9c80000, 0x0000000100000000)
  eden space 192000K, 100% used [0x00000000eaa80000,0x00000000f6600000,0x00000000f6600000)
  from space 17920K, 0% used [0x00000000f7e00000,0x00000000f7e00000,0x00000000f8f80000)
  to   space 24576K, 0% used [0x00000000f6600000,0x00000000f6600000,0x00000000f7e00000)
 ParOldGen       total 57344K, used 27022K [0x00000000c0000000, 0x00000000c3800000, 0x00000000eaa80000)
  object space 57344K, 47% used [0x00000000c0000000,0x00000000c1a639d0,0x00000000c3800000)
 PSPermGen       total 21504K, used 7021K [0x00000000bae00000, 0x00000000bc300000, 0x00000000c0000000)
  object space 21504K, 32% used [0x00000000bae00000,0x00000000bb4db4c0,0x00000000bc300000)

